2015-02-12T09:41:26 [imager.py:84 -              connect()] INFO: Connecting to Maxim
2015-02-12T09:41:26 [imager.py:88 -              connect()] INFO: Connecting to camera
2015-02-12T09:41:27 [imager.py:92 -              connect()] INFO: Preventing the camera from disconnecting when we exit
2015-02-12T09:41:27 [imager.py:97 -              connect()] INFO: Preventing maxim from closing upon exit
2015-02-12T09:41:27 [imager.py:110 -              connect()] INFO: Setting binning to 1,1
2015-02-12T09:41:27 [imager.py:118 -              connect()] INFO: Setting subframe to [0:2047,0:2047]
2015-02-12T09:41:27 [imager.py:125 -              connect()] INFO: Turning cooler on
2015-02-12T09:44:59 [imager.py:84 -              connect()] INFO: Connecting to Maxim
2015-02-12T09:44:59 [imager.py:88 -              connect()] INFO: Connecting to camera
2015-02-12T09:45:00 [imager.py:92 -              connect()] INFO: Preventing the camera from disconnecting when we exit
2015-02-12T09:45:00 [imager.py:97 -              connect()] INFO: Preventing maxim from closing upon exit
2015-02-12T09:45:00 [imager.py:110 -              connect()] INFO: Setting binning to 1,1
2015-02-12T09:45:00 [imager.py:118 -              connect()] INFO: Setting subframe to [0:2047,0:2047]
2015-02-12T09:45:00 [imager.py:125 -              connect()] INFO: Turning cooler on
2015-02-12T09:49:08 [imager.py:84 -              connect()] INFO: Connecting to Maxim
2015-02-12T09:49:09 [imager.py:88 -              connect()] INFO: Connecting to camera
2015-02-12T09:49:10 [imager.py:92 -              connect()] INFO: Preventing the camera from disconnecting when we exit
2015-02-12T09:49:10 [imager.py:97 -              connect()] INFO: Preventing maxim from closing upon exit
2015-02-12T09:49:10 [imager.py:110 -              connect()] INFO: Setting binning to 1,1
2015-02-12T09:49:10 [imager.py:118 -              connect()] INFO: Setting subframe to [0:2047,0:2047]
2015-02-12T09:49:10 [imager.py:125 -              connect()] INFO: Turning cooler on
2015-02-12T10:05:50 [imager.py:85 -              connect()] INFO: Connecting to Maxim
2015-02-12T10:05:50 [imager.py:89 -              connect()] INFO: Connecting to camera
2015-02-12T10:05:51 [imager.py:93 -              connect()] INFO: Preventing the camera from disconnecting when we exit
2015-02-12T10:05:51 [imager.py:98 -              connect()] INFO: Preventing maxim from closing upon exit
2015-02-12T10:05:51 [imager.py:111 -              connect()] INFO: Setting binning to 1,1
2015-02-12T10:05:51 [imager.py:119 -              connect()] INFO: Setting subframe to [0:2047,0:2047]
2015-02-12T10:05:51 [imager.py:126 -              connect()] INFO: Turning cooler on
