
* * * * * * * * * * * * *
*  A S T R O M E T R Y  *
* * * * * * * * * * * * *



Equinox for mean coordinates of results:  J2000.0

Projection geometry:  Schmidt

Plate center:  00 49 12.3   +33 18 58     Equinox J2000.0     Epoch J2000.000


Reference stars:

               n              RA            Dec         pmR    pmD   Equinox   Epoch      px         Xmeas        Ymeas

               1         00 50 11.870  +33 16 12.92  +0.0000 +0.000  J2000.0  J2000.000  0.000     +747.000     +797.000
               2         00 49 33.230  +33 22 12.94  +0.0000 +0.000  J2000.0  J2000.000  0.000    +1382.000    +1284.000
               3         00 50 56.350  +33 09 33.01  +0.0000 +0.000  J2000.0  J2000.000  0.000      +14.000     +258.000
               4         00 49 01.780  +33 08 05.95  +0.0000 +0.000  J2000.0  J2000.000  0.000    +1923.000     +168.000
               5         00 50 55.140  +33 17 48.43  +0.0000 +0.000  J2000.0  J2000.000  0.000      +27.000     +915.000
               6         00 50 49.980  +33 08 36.50  +0.0000 +0.000  J2000.0  J2000.000  0.000     +122.000     +185.000
               7         00 49 53.890  +33 28 19.92  +0.0000 +0.000  J2000.0  J2000.000  0.000    +1033.000    +1762.000
               8         00 50 13.030  +33 08 01.94  +0.0000 +0.000  J2000.0  J2000.000  0.000     +737.000     +146.000
               9         00 50 51.870  +33 21 28.76  +0.0000 +0.000  J2000.0  J2000.000  0.000      +79.000    +1207.000
              10         00 49 53.180  +33 13 59.58  +0.0000 +0.000  J2000.0  J2000.000  0.000    +1061.000     +625.000
              11         00 49 41.480  +33 11 26.57  +0.0000 +0.000  J2000.0  J2000.000  0.000    +1257.000     +425.000
              12         00 49 37.220  +33 07 14.95  +0.0000 +0.000  J2000.0  J2000.000  0.000    +1334.000      +93.000
              13         00 49 36.770  +33 28 47.39  +0.0000 +0.000  J2000.0  J2000.000  0.000    +1316.000    +1805.000
              14         00 50 49.910  +33 27 24.31  +0.0000 +0.000  J2000.0  J2000.000  0.000     +104.000    +1679.000
              15         00 50 21.540  +33 23 42.86  +0.0000 +0.000  J2000.0  J2000.000  0.000     +581.000    +1390.000
              16         00 49 14.280  +33 17 50.85  +0.0000 +0.000  J2000.0  J2000.000  0.000    +1702.000     +940.000
              17         00 49 38.110  +33 21 55.16  +0.0000 +0.000  J2000.0  J2000.000  0.000    +1302.000    +1258.000
              18         00 50 01.840  +33 18 31.12  +0.0000 +0.000  J2000.0  J2000.000  0.000     +911.000     +982.000
              19         00 49 41.410  +33 22 12.74  +0.0000 +0.000  J2000.0  J2000.000  0.000    +1246.000    +1280.000
              20         00 50 15.080  +33 16 05.01  +0.0000 +0.000  J2000.0  J2000.000  0.000     +695.000     +786.000
              21         00 49 01.320  +33 25 45.86  +0.0000 +0.000  J2000.0  J2000.000  0.000    +1907.000    +1572.000
              22         00 49 25.270  +33 28 42.35  +0.0000 +0.000  J2000.0  J2000.000  0.000    +1507.000    +1800.000
              23         00 50 06.230  +33 06 51.46  +0.0000 +0.000  J2000.0  J2000.000  0.000     +851.000      +54.000
              24         00 50 46.090  +33 07 29.90  +0.0000 +0.000  J2000.0  J2000.000  0.000     +187.000      +97.000
              25         00 50 18.320  +33 07 28.00  +0.0000 +0.000  J2000.0  J2000.000  0.000     +650.000     +100.000
              26         00 50 01.430  +33 26 19.73  +0.0000 +0.000  J2000.0  J2000.000  0.000     +909.000    +1603.000
              27         00 50 51.830  +33 11 12.98  +0.0000 +0.000  J2000.0  J2000.000  0.000      +88.000     +390.000
              28         00 49 56.420  +33 11 08.53  +0.0000 +0.000  J2000.0  J2000.000  0.000    +1010.000     +397.000
              29         00 50 28.290  +33 19 01.20  +0.0000 +0.000  J2000.0  J2000.000  0.000     +472.000    +1016.000
              30         00 49 46.920  +33 14 45.66  +0.0000 +0.000  J2000.0  J2000.000  0.000    +1164.000     +687.000
              31         00 50 28.190  +33 15 22.27  +0.0000 +0.000  J2000.0  J2000.000  0.000     +477.000     +726.000
              32         00 50 08.860  +33 10 33.84  +0.0000 +0.000  J2000.0  J2000.000  0.000     +804.000     +349.000
              33         00 49 46.440  +33 19 34.71  +0.0000 +0.000  J2000.0  J2000.000  0.000    +1167.000    +1070.000
              34         00 50 45.370  +33 10 32.50  +0.0000 +0.000  J2000.0  J2000.000  0.000     +197.000     +339.000
              35         00 49 28.160  +33 31 05.75  +0.0000 +0.000  J2000.0  J2000.000  0.000    +1456.000    +1989.000
              36         00 50 55.690  +33 29 10.87  +0.0000 +0.000  J2000.0  J2000.000  0.000       +7.000    +1818.000
              37         00 50 22.400  +33 14 32.16  +0.0000 +0.000  J2000.0  J2000.000  0.000     +574.000     +661.000
              38         00 49 50.130  +33 28 58.69  +0.0000 +0.000  J2000.0  J2000.000  0.000    +1095.000    +1816.000
              39         00 49 51.680  +33 20 17.01  +0.0000 +0.000  J2000.0  J2000.000  0.000    +1078.000    +1126.000
              40         00 49 33.910  +33 11 46.23  +0.0000 +0.000  J2000.0  J2000.000  0.000    +1383.000     +453.000
              41         00 50 31.370  +33 08 41.58  +0.0000 +0.000  J2000.0  J2000.000  0.000     +432.000     +195.000
              42         00 50 11.640  +33 10 34.94  +0.0000 +0.000  J2000.0  J2000.000  0.000     +757.000     +349.000
              43         00 49 58.130  +33 19 51.03  +0.0000 +0.000  J2000.0  J2000.000  0.000     +971.000    +1089.000
              44         00 49 36.200  +33 16 46.28  +0.0000 +0.000  J2000.0  J2000.000  0.000    +1339.000     +849.000
              45         00 50 19.910  +33 14 36.77  +0.0000 +0.000  J2000.0  J2000.000  0.000     +615.000     +668.000
              46         00 50 47.390  +33 28 13.89  +0.0000 +0.000  J2000.0  J2000.000  0.000     +146.000    +1744.000
              47         00 50 47.000  +33 07 21.89  +0.0000 +0.000  J2000.0  J2000.000  0.000     +173.000      +86.000
              48         00 50 11.610  +33 09 10.03  +0.0000 +0.000  J2000.0  J2000.000  0.000     +759.000     +238.000
              49         00 49 11.970  +33 26 06.20  +0.0000 +0.000  J2000.0  J2000.000  0.000    +1731.000    +1597.000
              50         00 50 30.430  +33 30 08.53  +0.0000 +0.000  J2000.0  J2000.000  0.000     +425.000    +1900.000
              51         00 49 18.240  +33 31 12.35  +0.0000 +0.000  J2000.0  J2000.000  0.000    +1620.000    +2000.000
              52         00 49 27.870  +33 21 27.10  +0.0000 +0.000  J2000.0  J2000.000  0.000    +1473.000    +1224.000
              53         00 49 57.680  +33 13 35.33  +0.0000 +0.000  J2000.0  J2000.000  0.000     +987.000     +592.000
              54         00 48 59.480  +33 06 19.23  +0.0000 +0.000  J2000.0  J2000.000  0.000    +1963.000      +29.000
              55         00 50 00.670  +33 10 57.89  +0.0000 +0.000  J2000.0  J2000.000  0.000     +940.000     +383.000
              56         00 50 53.890  +33 31 32.00  +0.0000 +0.000  J2000.0  J2000.000  0.000      +35.000    +2006.000
              57         00 49 21.250  +33 22 00.56  +0.0000 +0.000  J2000.0  J2000.000  0.000    +1582.000    +1269.000
              58         00 49 11.310  +33 19 08.37  +0.0000 +0.000  J2000.0  J2000.000  0.000    +1750.000    +1043.000
              59         00 50 24.700  +33 10 27.72  +0.0000 +0.000  J2000.0  J2000.000  0.000     +540.000     +338.000
              60         00 50 56.810  +33 06 25.33  +0.0000 +0.000  J2000.0  J2000.000  0.000       +9.000       +9.000
              61         00 48 59.760  +33 30 25.89  +0.0000 +0.000  J2000.0  J2000.000  0.000    +1928.000    +1944.000
              62         00 50 43.470  +33 28 18.85  +0.0000 +0.000  J2000.0  J2000.000  0.000     +211.000    +1751.000
              63         00 50 52.530  +33 10 34.75  +0.0000 +0.000  J2000.0  J2000.000  0.000      +77.000     +339.000
              64         00 49 12.840  +33 15 44.36  +0.0000 +0.000  J2000.0  J2000.000  0.000    +1729.000     +773.000
              65         00 50 45.890  +33 09 24.17  +0.0000 +0.000  J2000.0  J2000.000  0.000     +188.000     +249.000
              66         00 50 52.890  +33 08 57.67  +0.0000 +0.000  J2000.0  J2000.000  0.000      +73.000     +211.000
              67         00 50 01.540  +33 29 08.04  +0.0000 +0.000  J2000.0  J2000.000  0.000     +905.000    +1826.000
              68         00 50 54.340  +33 14 38.54  +0.0000 +0.000  J2000.0  J2000.000  0.000      +43.000     +663.000
              69         00 50 33.390  +33 27 36.29  +0.0000 +0.000  J2000.0  J2000.000  0.000     +379.000    +1697.000
              70         00 50 21.110  +33 18 28.41  +0.0000 +0.000  J2000.0  J2000.000  0.000     +593.000     +975.000
              71         00 50 03.800  +33 23 22.60  +0.0000 +0.000  J2000.0  J2000.000  0.000     +874.000    +1368.000
              72         00 50 37.560  +33 26 18.68  +0.0000 +0.000  J2000.0  J2000.000  0.000     +311.000    +1595.000
              73         00 50 11.620  +33 20 58.72  +0.0000 +0.000  J2000.0  J2000.000  0.000     +747.000    +1175.000
              74         00 49 53.650  +33 21 32.89  +0.0000 +0.000  J2000.0  J2000.000  0.000    +1044.000    +1224.000
              75         00 50 50.100  +33 27 59.71  +0.0000 +0.000  J2000.0  J2000.000  0.000     +103.000    +1725.000
              76         00 49 09.880  +33 14 27.94  +0.0000 +0.000  J2000.0  J2000.000  0.000    +1779.000     +674.000
              77         00 50 07.210  +33 14 33.58  +0.0000 +0.000  J2000.0  J2000.000  0.000     +827.000     +666.000
              78         00 49 24.230  +33 19 35.71  +0.0000 +0.000  J2000.0  J2000.000  0.000    +1535.000    +1077.000
              79         00 50 09.310  +33 12 44.48  +0.0000 +0.000  J2000.0  J2000.000  0.000     +794.000     +522.000
              80         00 49 57.230  +33 17 11.31  +0.0000 +0.000  J2000.0  J2000.000  0.000     +990.000     +878.000
              81         00 49 43.160  +33 11 11.35  +0.0000 +0.000  J2000.0  J2000.000  0.000    +1229.000     +405.000
              82         00 50 50.680  +33 29 19.00  +0.0000 +0.000  J2000.0  J2000.000  0.000      +90.000    +1830.000
              83         00 50 40.170  +33 28 48.82  +0.0000 +0.000  J2000.0  J2000.000  0.000     +265.000    +1791.000
              84         00 48 57.910  +33 12 45.95  +0.0000 +0.000  J2000.0  J2000.000  0.000    +1979.000     +540.000
              85         00 49 25.350  +33 27 27.89  +0.0000 +0.000  J2000.0  J2000.000  0.000    +1507.000    +1701.000
              86         00 50 15.850  +33 27 38.12  +0.0000 +0.000  J2000.0  J2000.000  0.000     +670.000    +1704.000
              87         00 49 44.800  +33 28 31.25  +0.0000 +0.000  J2000.0  J2000.000  0.000    +1183.000    +1780.000
              88         00 49 05.910  +33 16 55.26  +0.0000 +0.000  J2000.0  J2000.000  0.000    +1841.000     +868.000
              89         00 50 01.030  +33 06 29.11  +0.0000 +0.000  J2000.0  J2000.000  0.000     +938.000      +26.000
              90         00 50 39.010  +33 15 09.49  +0.0000 +0.000  J2000.0  J2000.000  0.000     +298.000     +707.000
              91         00 50 53.070  +33 13 57.31  +0.0000 +0.000  J2000.0  J2000.000  0.000      +65.000     +609.000
              92         00 49 31.840  +33 20 46.64  +0.0000 +0.000  J2000.0  J2000.000  0.000    +1407.000    +1169.000
              93         00 50 18.830  +33 20 30.68  +0.0000 +0.000  J2000.0  J2000.000  0.000     +628.000    +1136.000
              94         00 50 07.790  +33 15 48.11  +0.0000 +0.000  J2000.0  J2000.000  0.000     +816.000     +765.000
              95         00 49 12.990  +33 13 36.68  +0.0000 +0.000  J2000.0  J2000.000  0.000    +1729.000     +605.000
              96         00 50 03.610  +33 22 06.46  +0.0000 +0.000  J2000.0  J2000.000  0.000     +878.000    +1267.000
              97         00 49 23.850  +33 22 25.96  +0.0000 +0.000  J2000.0  J2000.000  0.000    +1538.000    +1302.000
              98         00 49 16.470  +33 23 16.78  +0.0000 +0.000  J2000.0  J2000.000  0.000    +1658.000    +1371.000
              99         00 50 20.240  +33 13 29.89  +0.0000 +0.000  J2000.0  J2000.000  0.000     +612.000     +580.000

Plate solution: 4-coefficient
-----------------------------

    X,Y = expected plate coordinates (radians)

    X =    +0.006403453                            Y =    -0.003668325
         -3.659865e-006 * Xmeas                           -5.7115e-008 * Xmeas
           -5.7115e-008 * Ymeas                         +3.659865e-006 * Ymeas


Xmeas =       +1733.578                        Ymeas =       +1029.365
              -273167.6 * X                                  -4262.991 * X
              -4262.991 * Y                                  +273167.6 * Y


     Plate scale (in measuring units):            0.7550 arcsec
                          Orientation:           +0.894 deg and laterally inverted


Reference stars:
                            Mean RA,Dec         Equinox J2000.0      Epoch J2000.000           Residuals (arcsec)
               n                     catalog                      calculated                 dX        dY        dR

               1            00 50 11.870  +33 16 12.92    00 50 11.903  +33 16 13.02      +0.417    +0.101     0.429
               2            00 49 33.230  +33 22 12.94    00 49 33.247  +33 22 13.96      +0.217    +1.016     1.039
               3            00 50 56.350  +33 09 33.01    00 50 56.399  +33 09 32.94      +0.612    -0.068     0.616
               4            00 49 01.780  +33 08 05.95    00 49 01.724  +33 08 05.19      -0.708    -0.755     1.035
               5            00 50 55.140  +33 17 48.43    00 50 55.163  +33 17 48.82      +0.285    +0.393     0.485
               6            00 50 49.980  +33 08 36.50    00 50 49.957  +33 08 36.88      -0.287    +0.383     0.479
               7            00 49 53.890  +33 28 19.92    00 49 53.878  +33 28 18.59      -0.151    -1.333     1.341
               8            00 50 13.030  +33 08 01.94    00 50 13.022  +33 08 01.66      -0.101    -0.277     0.295
               9            00 50 51.870  +33 21 28.76    00 50 51.827  +33 21 28.81      -0.536    +0.047     0.538
              10            00 49 53.180  +33 13 59.58    00 49 53.147  +33 13 59.95      -0.415    +0.369     0.556
              11            00 49 41.480  +33 11 26.57    00 49 41.528  +33 11 26.86      +0.598    +0.295     0.667
              12            00 49 37.220  +33 07 14.95    00 49 37.189  +33 07 15.39      -0.393    +0.438     0.588
              13            00 49 36.770  +33 28 47.39    00 49 36.766  +33 28 48.00      -0.057    +0.607     0.610
              14            00 50 49.910  +33 27 24.31    00 50 49.988  +33 27 24.92      +0.976    +0.613     1.152
              15            00 50 21.540  +33 23 42.86    00 50 21.437  +33 23 42.33      -1.286    -0.538     1.394
              16            00 49 14.280  +33 17 50.85    00 49 14.285  +33 17 50.61      +0.067    -0.241     0.250
              17            00 49 38.110  +33 21 55.16    00 49 38.091  +33 21 55.21      -0.235    +0.054     0.241
              18            00 50 01.840  +33 18 31.12    00 50 01.880  +33 18 31.02      +0.497    -0.100     0.507
              19            00 49 41.410  +33 22 12.74    00 49 41.447  +33 22 12.44      +0.459    -0.304     0.551
              20            00 50 15.080  +33 16 05.01    00 50 15.042  +33 16 05.23      -0.476    +0.222     0.525
              21            00 49 01.320  +33 25 45.86    00 49 01.332  +33 25 45.26      +0.144    -0.598     0.615
              22            00 49 25.270  +33 28 42.35    00 49 25.245  +33 28 42.08      -0.308    -0.270     0.409
              23            00 50 06.230  +33 06 51.46    00 50 06.245  +33 06 51.06      +0.187    -0.396     0.437
              24            00 50 46.090  +33 07 29.90    00 50 46.113  +33 07 29.87      +0.289    -0.027     0.290
              25            00 50 18.320  +33 07 28.00    00 50 18.287  +33 07 27.80      -0.420    -0.205     0.467
              26            00 50 01.430  +33 26 19.73    00 50 01.490  +33 26 19.85      +0.751    +0.118     0.760
              27            00 50 51.830  +33 11 12.98    00 50 51.858  +33 11 11.95      +0.350    -1.032     1.090
              28            00 49 56.420  +33 11 08.53    00 49 56.406  +33 11 08.36      -0.181    -0.167     0.246
              29            00 50 28.290  +33 19 01.20    00 50 28.291  +33 19 01.03      +0.016    -0.173     0.174
              30            00 49 46.920  +33 14 45.66    00 49 46.897  +33 14 45.66      -0.295    -0.002     0.295
              31            00 50 28.190  +33 15 22.27    00 50 28.210  +33 15 22.05      +0.249    -0.219     0.332
              32            00 50 08.860  +33 10 33.84    00 50 08.832  +33 10 34.24      -0.350    +0.401     0.533
              33            00 49 46.440  +33 19 34.71    00 49 46.388  +33 19 34.76      -0.656    +0.048     0.658
              34            00 50 45.370  +33 10 32.50    00 50 45.339  +33 10 32.48      -0.390    -0.025     0.390
              35            00 49 28.160  +33 31 05.75    00 49 28.152  +33 31 05.34      -0.101    -0.413     0.426
              36            00 50 55.690  +33 29 10.87    00 50 55.744  +33 29 10.70      +0.671    -0.163     0.691
              37            00 50 22.400  +33 14 32.16    00 50 22.422  +33 14 32.05      +0.275    -0.109     0.296
              38            00 49 50.130  +33 28 58.69    00 49 50.091  +33 28 58.70      -0.486    +0.006     0.486
              39            00 49 51.680  +33 20 17.01    00 49 51.701  +33 20 17.98      +0.263    +0.975     1.009
              40            00 49 33.910  +33 11 46.23    00 49 33.925  +33 11 46.61      +0.193    +0.384     0.430
              41            00 50 31.370  +33 08 41.58    00 50 31.316  +33 08 41.61      -0.676    +0.024     0.676
              42            00 50 11.640  +33 10 34.94    00 50 11.658  +33 10 34.71      +0.230    -0.226     0.323
              43            00 49 58.130  +33 19 51.03    00 49 58.178  +33 19 51.18      +0.596    +0.146     0.614
              44            00 49 36.200  +33 16 46.28    00 49 36.223  +33 16 46.05      +0.285    -0.233     0.368
              45            00 50 19.910  +33 14 36.77    00 50 19.949  +33 14 36.94      +0.492    +0.168     0.520
              46            00 50 47.390  +33 28 13.89    00 50 47.408  +33 28 13.62      +0.229    -0.271     0.355
              47            00 50 47.000  +33 07 21.89    00 50 46.962  +33 07 21.69      -0.475    -0.199     0.515
              48            00 50 11.610  +33 09 10.03    00 50 11.626  +33 09 10.90      +0.204    +0.868     0.891
              49            00 49 11.970  +33 26 06.20    00 49 11.921  +33 26 06.24      -0.610    +0.038     0.611
              50            00 50 30.430  +33 30 08.53    00 50 30.458  +33 30 08.83      +0.345    +0.302     0.458
              51            00 49 18.240  +33 31 12.35    00 49 18.242  +33 31 11.76      +0.023    -0.588     0.588
              52            00 49 27.870  +33 21 27.10    00 49 27.818  +33 21 27.64      -0.656    +0.539     0.849
              53            00 49 57.680  +33 13 35.33    00 49 57.627  +33 13 35.81      -0.668    +0.482     0.824
              54            00 48 59.480  +33 06 19.23    00 48 59.454  +33 06 19.78      -0.322    +0.549     0.636
              55            00 50 00.670  +33 10 57.89    00 50 00.627  +33 10 58.52      -0.546    +0.631     0.835
              56            00 50 53.890  +33 31 32.00    00 50 53.923  +33 31 32.39      +0.412    +0.391     0.568
              57            00 49 21.250  +33 22 00.56    00 49 21.209  +33 22 00.37      -0.518    -0.194     0.553
              58            00 49 11.310  +33 19 08.37    00 49 11.298  +33 19 07.80      -0.149    -0.571     0.590
              59            00 50 24.700  +33 10 27.72    00 50 24.715  +33 10 28.54      +0.187    +0.816     0.837
              60            00 50 56.810  +33 06 25.33    00 50 56.871  +33 06 25.00      +0.763    -0.324     0.829
              61            00 48 59.760  +33 30 25.89    00 48 59.704  +33 30 25.83      -0.703    -0.061     0.706
              62            00 50 43.470  +33 28 18.85    00 50 43.481  +33 28 18.32      +0.145    -0.530     0.549
              63            00 50 52.530  +33 10 34.75    00 50 52.555  +33 10 33.54      +0.315    -1.208     1.248
              64            00 49 12.840  +33 15 44.36    00 49 12.816  +33 15 44.22      -0.297    -0.137     0.327
              65            00 50 45.890  +33 09 24.17    00 50 45.944  +33 09 24.61      +0.681    +0.446     0.814
              66            00 50 52.890  +33 08 57.67    00 50 52.884  +33 08 56.94      -0.067    -0.726     0.729
              67            00 50 01.540  +33 29 08.04    00 50 01.548  +33 29 08.23      +0.098    +0.195     0.218
              68            00 50 54.340  +33 14 38.54    00 50 54.374  +33 14 38.44      +0.432    -0.100     0.443
              69            00 50 33.390  +33 27 36.29    00 50 33.385  +33 27 36.01      -0.056    -0.279     0.285
              70            00 50 21.110  +33 18 28.41    00 50 21.036  +33 18 28.91      -0.935    +0.501     1.061
              71            00 50 03.800  +33 23 22.60    00 50 03.793  +33 23 22.80      -0.090    +0.198     0.218
              72            00 50 37.560  +33 26 18.68    00 50 37.563  +33 26 19.64      +0.030    +0.958     0.959
              73            00 50 11.620  +33 20 58.72    00 50 11.602  +33 20 58.38      -0.224    -0.338     0.406
              74            00 49 53.650  +33 21 32.89    00 49 53.667  +33 21 32.33      +0.213    -0.564     0.603
              75            00 50 50.100  +33 27 59.71    00 50 50.016  +33 27 59.66      -1.050    -0.059     1.052
              76            00 49 09.880  +33 14 27.94    00 49 09.901  +33 14 28.90      +0.258    +0.958     0.992
              77            00 50 07.210  +33 14 33.58    00 50 07.193  +33 14 33.32      -0.207    -0.260     0.332
              78            00 49 24.230  +33 19 35.71    00 49 24.216  +33 19 35.96      -0.176    +0.253     0.309
              79            00 50 09.310  +33 12 44.48    00 50 09.295  +33 12 44.94      -0.192    +0.464     0.502
              80            00 49 57.230  +33 17 11.31    00 49 57.209  +33 17 11.69      -0.268    +0.379     0.464
              81            00 49 43.160  +33 11 11.35    00 49 43.229  +33 11 12.07      +0.864    +0.722     1.126
              82            00 50 50.680  +33 29 19.00    00 50 50.726  +33 29 19.04      +0.581    +0.041     0.583
              83            00 50 40.170  +33 28 48.82    00 50 40.194  +33 28 48.03      +0.305    -0.792     0.849
              84            00 48 57.910  +33 12 45.95    00 48 57.996  +33 12 45.33      +1.085    -0.616     1.248
              85            00 49 25.350  +33 27 27.89    00 49 25.335  +33 27 27.34      -0.181    -0.546     0.575
              86            00 50 15.850  +33 27 38.12    00 50 15.825  +33 27 38.50      -0.315    +0.382     0.495
              87            00 49 44.800  +33 28 31.25    00 49 44.812  +33 28 30.58      +0.153    -0.673     0.690
              88            00 49 05.910  +33 16 55.26    00 49 05.985  +33 16 54.61      +0.937    -0.651     1.141
              89            00 50 01.030  +33 06 29.11    00 50 01.040  +33 06 29.04      +0.128    -0.074     0.148
              90            00 50 39.010  +33 15 09.49    00 50 38.997  +33 15 09.38      -0.163    -0.114     0.199
              91            00 50 53.070  +33 13 57.31    00 50 53.088  +33 13 57.48      +0.227    +0.170     0.283
              92            00 49 31.840  +33 20 46.64    00 49 31.844  +33 20 46.86      +0.044    +0.222     0.226
              93            00 50 18.830  +33 20 30.68    00 50 18.802  +33 20 30.12      -0.347    -0.565     0.663
              94            00 50 07.790  +33 15 48.11    00 50 07.776  +33 15 48.17      -0.181    +0.059     0.190
              95            00 49 12.990  +33 13 36.68    00 49 12.974  +33 13 37.40      -0.203    +0.720     0.748
              96            00 50 03.610  +33 22 06.46    00 50 03.634  +33 22 06.51      +0.304    +0.051     0.308
              97            00 49 23.850  +33 22 25.96    00 49 23.830  +33 22 25.78      -0.251    -0.177     0.307
              98            00 49 16.470  +33 23 16.78    00 49 16.534  +33 23 16.49      +0.802    -0.294     0.854
              99            00 50 20.240  +33 13 29.89    00 50 20.198  +33 13 30.53      -0.528    +0.641     0.830

                                                                                 RMS :     0.464     0.479     0.666


Plate solution: 6-coefficient
-----------------------------

    X,Y = expected plate coordinates (radians)

    X =    +0.006403035                            Y =    -0.003668717
         -3.659358e-006 * Xmeas                         -5.719834e-008 * Xmeas
         -5.714483e-008 * Ymeas                         +3.660349e-006 * Ymeas


Xmeas =       +1733.695                        Ymeas =       +1029.378
              -273205.3 * X                                  -4269.235 * X
              -4265.241 * Y                                  +273131.3 * Y


    Plate scales (in measuring units):      X     0.7549 arcsec
                                            Y     0.7551 arcsec
                                         mean     0.7550 arcsec
                  Nonperpendicularity:           -0.001 deg
                          Orientation:           +0.895 deg and laterally inverted


Reference stars:
                            Mean RA,Dec         Equinox J2000.0      Epoch J2000.000           Residuals (arcsec)
               n                     catalog                      calculated                 dX        dY        dR

               1            00 50 11.870  +33 16 12.92    00 50 11.902  +33 16 13.01      +0.404    +0.087     0.413
               2            00 49 33.230  +33 22 12.94    00 49 33.251  +33 22 13.98      +0.267    +1.040     1.074
               3            00 50 56.350  +33 09 33.01    00 50 56.392  +33 09 32.88      +0.526    -0.123     0.540
               4            00 49 01.780  +33 08 05.95    00 49 01.733  +33 08 05.10      -0.594    -0.852     1.039
               5            00 50 55.140  +33 17 48.43    00 50 55.156  +33 17 48.83      +0.196    +0.403     0.448
               6            00 50 49.980  +33 08 36.50    00 50 49.951  +33 08 36.82      -0.362    +0.319     0.482
               7            00 49 53.890  +33 28 19.92    00 49 53.879  +33 28 18.66      -0.140    -1.255     1.263
               8            00 50 13.030  +33 08 01.94    00 50 13.021  +33 08 01.58      -0.111    -0.356     0.373
               9            00 50 51.870  +33 21 28.76    00 50 51.820  +33 21 28.85      -0.621    +0.086     0.627
              10            00 49 53.180  +33 13 59.58    00 49 53.149  +33 13 59.91      -0.394    +0.332     0.516
              11            00 49 41.480  +33 11 26.57    00 49 41.531  +33 11 26.80      +0.641    +0.235     0.683
              12            00 49 37.220  +33 07 14.95    00 49 37.193  +33 07 15.29      -0.340    +0.344     0.483
              13            00 49 36.770  +33 28 47.39    00 49 36.769  +33 28 48.07      -0.017    +0.684     0.684
              14            00 50 49.910  +33 27 24.31    00 50 49.981  +33 27 25.01      +0.890    +0.699     1.131
              15            00 50 21.540  +33 23 42.86    00 50 21.435  +33 23 42.37      -1.320    -0.490     1.408
              16            00 49 14.280  +33 17 50.85    00 49 14.292  +33 17 50.59      +0.153    -0.257     0.299
              17            00 49 38.110  +33 21 55.16    00 49 38.095  +33 21 55.24      -0.193    +0.077     0.207
              18            00 50 01.840  +33 18 31.12    00 50 01.880  +33 18 31.02      +0.500    -0.098     0.509
              19            00 49 41.410  +33 22 12.74    00 49 41.450  +33 22 12.46      +0.495    -0.278     0.568
              20            00 50 15.080  +33 16 05.01    00 50 15.041  +33 16 05.22      -0.495    +0.207     0.536
              21            00 49 01.320  +33 25 45.86    00 49 01.340  +33 25 45.31      +0.247    -0.554     0.607
              22            00 49 25.270  +33 28 42.35    00 49 25.250  +33 28 42.15      -0.248    -0.197     0.316
              23            00 50 06.230  +33 06 51.46    00 50 06.245  +33 06 50.97      +0.189    -0.486     0.521
              24            00 50 46.090  +33 07 29.90    00 50 46.108  +33 07 29.80      +0.221    -0.102     0.244
              25            00 50 18.320  +33 07 28.00    00 50 18.285  +33 07 27.71      -0.438    -0.287     0.524
              26            00 50 01.430  +33 26 19.73    00 50 01.490  +33 26 19.91      +0.750    +0.181     0.771
              27            00 50 51.830  +33 11 12.98    00 50 51.851  +33 11 11.90      +0.270    -1.076     1.109
              28            00 49 56.420  +33 11 08.53    00 49 56.407  +33 11 08.31      -0.165    -0.225     0.279
              29            00 50 28.290  +33 19 01.20    00 50 28.288  +33 19 01.04      -0.027    -0.160     0.162
              30            00 49 46.920  +33 14 45.66    00 49 46.899  +33 14 45.63      -0.263    -0.034     0.266
              31            00 50 28.190  +33 15 22.27    00 50 28.207  +33 15 22.03      +0.208    -0.236     0.314
              32            00 50 08.860  +33 10 33.84    00 50 08.832  +33 10 34.18      -0.354    +0.341     0.492
              33            00 49 46.440  +33 19 34.71    00 49 46.390  +33 19 34.76      -0.627    +0.054     0.629
              34            00 50 45.370  +33 10 32.50    00 50 45.334  +33 10 32.43      -0.457    -0.075     0.464
              35            00 49 28.160  +33 31 05.75    00 49 28.156  +33 31 05.43      -0.048    -0.321     0.324
              36            00 50 55.690  +33 29 10.87    00 50 55.736  +33 29 10.81      +0.575    -0.062     0.578
              37            00 50 22.400  +33 14 32.16    00 50 22.419  +33 14 32.03      +0.244    -0.134     0.279
              38            00 49 50.130  +33 28 58.69    00 49 50.093  +33 28 58.78      -0.469    +0.088     0.477
              39            00 49 51.680  +33 20 17.01    00 49 51.703  +33 20 18.00      +0.282    +0.988     1.027
              40            00 49 33.910  +33 11 46.23    00 49 33.930  +33 11 46.55      +0.248    +0.325     0.409
              41            00 50 31.370  +33 08 41.58    00 50 31.313  +33 08 41.54      -0.718    -0.045     0.720
              42            00 50 11.640  +33 10 34.94    00 50 11.658  +33 10 34.65      +0.221    -0.285     0.361
              43            00 49 58.130  +33 19 51.03    00 49 58.178  +33 19 51.19      +0.605    +0.157     0.625
              44            00 49 36.200  +33 16 46.28    00 49 36.227  +33 16 46.03      +0.334    -0.252     0.418
              45            00 50 19.910  +33 14 36.77    00 50 19.947  +33 14 36.91      +0.466    +0.143     0.487
              46            00 50 47.390  +33 28 13.89    00 50 47.402  +33 28 13.71      +0.148    -0.180     0.233
              47            00 50 47.000  +33 07 21.89    00 50 46.957  +33 07 21.62      -0.544    -0.274     0.609
              48            00 50 11.610  +33 09 10.03    00 50 11.626  +33 09 10.83      +0.196    +0.797     0.821
              49            00 49 11.970  +33 26 06.20    00 49 11.928  +33 26 06.29      -0.525    +0.087     0.533
              50            00 50 30.430  +33 30 08.53    00 50 30.453  +33 30 08.93      +0.291    +0.404     0.498
              51            00 49 18.240  +33 31 12.35    00 49 18.248  +33 31 11.85      +0.094    -0.496     0.505
              52            00 49 27.870  +33 21 27.10    00 49 27.822  +33 21 27.66      -0.596    +0.555     0.814
              53            00 49 57.680  +33 13 35.33    00 49 57.628  +33 13 35.77      -0.655    +0.443     0.790
              54            00 48 59.480  +33 06 19.23    00 48 59.464  +33 06 19.67      -0.203    +0.437     0.482
              55            00 50 00.670  +33 10 57.89    00 50 00.627  +33 10 58.46      -0.537    +0.572     0.784
              56            00 50 53.890  +33 31 32.00    00 50 53.916  +33 31 32.51      +0.317    +0.510     0.601
              57            00 49 21.250  +33 22 00.56    00 49 21.214  +33 22 00.38      -0.446    -0.175     0.480
              58            00 49 11.310  +33 19 08.37    00 49 11.305  +33 19 07.79      -0.058    -0.578     0.581
              59            00 50 24.700  +33 10 27.72    00 50 24.713  +33 10 28.48      +0.155    +0.760     0.775
              60            00 50 56.810  +33 06 25.33    00 50 56.864  +33 06 24.92      +0.678    -0.404     0.789
              61            00 48 59.760  +33 30 25.89    00 48 59.712  +33 30 25.91      -0.600    +0.019     0.600
              62            00 50 43.470  +33 28 18.85    00 50 43.475  +33 28 18.41      +0.070    -0.439     0.445
              63            00 50 52.530  +33 10 34.75    00 50 52.548  +33 10 33.49      +0.234    -1.256     1.278
              64            00 49 12.840  +33 15 44.36    00 49 12.823  +33 15 44.19      -0.207    -0.170     0.268
              65            00 50 45.890  +33 09 24.17    00 50 45.939  +33 09 24.55      +0.613    +0.386     0.725
              66            00 50 52.890  +33 08 57.67    00 50 52.878  +33 08 56.88      -0.146    -0.787     0.801
              67            00 50 01.540  +33 29 08.04    00 50 01.548  +33 29 08.32      +0.095    +0.281     0.297
              68            00 50 54.340  +33 14 38.54    00 50 54.368  +33 14 38.42      +0.346    -0.116     0.365
              69            00 50 33.390  +33 27 36.29    00 50 33.381  +33 27 36.09      -0.113    -0.197     0.227
              70            00 50 21.110  +33 18 28.41    00 50 21.033  +33 18 28.92      -0.965    +0.507     1.091
              71            00 50 03.800  +33 23 22.60    00 50 03.793  +33 23 22.84      -0.093    +0.239     0.257
              72            00 50 37.560  +33 26 18.68    00 50 37.558  +33 26 19.71      -0.033    +1.031     1.032
              73            00 50 11.620  +33 20 58.72    00 50 11.601  +33 20 58.41      -0.239    -0.315     0.395
              74            00 49 53.650  +33 21 32.89    00 49 53.668  +33 21 32.35      +0.228    -0.541     0.587
              75            00 50 50.100  +33 27 59.71    00 50 50.009  +33 27 59.75      -1.137    +0.031     1.137
              76            00 49 09.880  +33 14 27.94    00 49 09.908  +33 14 28.85      +0.353    +0.913     0.979
              77            00 50 07.210  +33 14 33.58    00 50 07.193  +33 14 33.29      -0.211    -0.288     0.357
              78            00 49 24.230  +33 19 35.71    00 49 24.221  +33 19 35.96      -0.109    +0.254     0.276
              79            00 50 09.310  +33 12 44.48    00 50 09.294  +33 12 44.90      -0.198    +0.422     0.466
              80            00 49 57.230  +33 17 11.31    00 49 57.210  +33 17 11.68      -0.256    +0.368     0.449
              81            00 49 43.160  +33 11 11.35    00 49 43.232  +33 11 12.01      +0.904    +0.660     1.119
              82            00 50 50.680  +33 29 19.00    00 50 50.719  +33 29 19.14      +0.493    +0.141     0.513
              83            00 50 40.170  +33 28 48.82    00 50 40.189  +33 28 48.12      +0.236    -0.699     0.737
              84            00 48 57.910  +33 12 45.95    00 48 58.006  +33 12 45.27      +1.202    -0.677     1.380
              85            00 49 25.350  +33 27 27.89    00 49 25.340  +33 27 27.41      -0.120    -0.482     0.497
              86            00 50 15.850  +33 27 38.12    00 50 15.823  +33 27 38.58      -0.341    +0.460     0.572
              87            00 49 44.800  +33 28 31.25    00 49 44.814  +33 28 30.65      +0.180    -0.596     0.623
              88            00 49 05.910  +33 16 55.26    00 49 05.993  +33 16 54.58      +1.038    -0.677     1.239
              89            00 50 01.030  +33 06 29.11    00 50 01.041  +33 06 28.94      +0.140    -0.169     0.219
              90            00 50 39.010  +33 15 09.49    00 50 38.992  +33 15 09.36      -0.223    -0.130     0.258
              91            00 50 53.070  +33 13 57.31    00 50 53.081  +33 13 57.46      +0.144    +0.149     0.207
              92            00 49 31.840  +33 20 46.64    00 49 31.848  +33 20 46.87      +0.098    +0.234     0.253
              93            00 50 18.830  +33 20 30.68    00 50 18.800  +33 20 30.14      -0.374    -0.543     0.659
              94            00 50 07.790  +33 15 48.11    00 50 07.775  +33 15 48.15      -0.186    +0.041     0.191
              95            00 49 12.990  +33 13 36.68    00 49 12.981  +33 13 37.35      -0.112    +0.670     0.679
              96            00 50 03.610  +33 22 06.46    00 50 03.634  +33 22 06.54      +0.302    +0.082     0.313
              97            00 49 23.850  +33 22 25.96    00 49 23.835  +33 22 25.81      -0.184    -0.154     0.240
              98            00 49 16.470  +33 23 16.78    00 49 16.540  +33 23 16.51      +0.881    -0.266     0.920
              99            00 50 20.240  +33 13 29.89    00 50 20.196  +33 13 30.50      -0.554    +0.607     0.822

                                                                                 RMS :     0.460     0.475     0.661


Unknown stars:    J2000.0 mean places for epoch J2000.000

            :               4-coefficient model               :                6-coefficient model                :
            :   Xmeas    Ymeas          RA            Dec     :   Xmeas    Ymeas          RA             Dec      :     

            :  +10.000  +10.000 -> 00 50 56.810  +33 06 25.75 :  +10.000  +10.000 -> 00 50 56.8030  +33 06 25.669 :     
